2025-04-13 07:55:58,948 - INFO - USB Monitor initialized
2025-04-13 07:55:58,948 - INFO - Known drives: 
2025-04-13 07:55:58,949 - INFO - Starting USB monitor...
2025-04-13 07:55:58,949 - INFO - Monitoring for new USB drives (checking every 2 seconds)
2025-04-13 07:56:38,650 - INFO - USB Monitor initialized
2025-04-13 07:56:38,650 - INFO - Known drives: 
2025-04-13 07:56:38,651 - INFO - Starting USB monitor...
2025-04-13 07:56:38,651 - INFO - Monitoring for new USB drives (checking every 2 seconds)
2025-04-13 07:58:04,430 - INFO - New USB drive detected: D:
2025-04-13 07:58:04,468 - INFO - Drive info: {'drive_letter': 'D:', 'volume_name': 'Unnamed Drive', 'size_gb': 0.0061054229736328125, 'filesystem': 'FAT', 'serial_number': 'DEB00001'}
2025-04-13 07:58:04,469 - INFO - Sending alert to http://localhost:3000/api/debug/simulate-attack
2025-04-13 07:58:05,691 - INFO - New USB drive detected: D:
2025-04-13 07:58:05,717 - INFO - Drive info: {'drive_letter': 'D:', 'volume_name': 'Unnamed Drive', 'size_gb': 0.0061054229736328125, 'filesystem': 'FAT', 'serial_number': 'DEB00001'}
2025-04-13 07:58:05,718 - INFO - Sending alert to http://localhost:3000/api/debug/simulate-attack
2025-04-13 07:58:08,575 - ERROR - Error sending alert: HTTPConnectionPool(host='localhost', port=3000): Max retries exceeded with url: /api/debug/simulate-attack (Caused by NewConnectionError('<urllib3.connection.HTTPConnection object at 0x00000185DEAAAD30>: Failed to establish a new connection: [WinError 10061] No connection could be made because the target machine actively refused it'))
2025-04-13 07:58:08,575 - INFO - Scanning drive D:...
2025-04-13 07:58:08,581 - INFO - Sending alert to http://localhost:3000/api/debug/simulate-attack
2025-04-13 07:58:09,814 - ERROR - Error sending alert: HTTPConnectionPool(host='localhost', port=3000): Max retries exceeded with url: /api/debug/simulate-attack (Caused by NewConnectionError('<urllib3.connection.HTTPConnection object at 0x000002E6592CAD30>: Failed to establish a new connection: [WinError 10061] No connection could be made because the target machine actively refused it'))
2025-04-13 07:58:09,815 - INFO - Scanning drive D:...
2025-04-13 07:58:09,815 - INFO - Sending alert to http://localhost:3000/api/debug/simulate-attack
2025-04-13 07:58:12,671 - ERROR - Error sending alert: HTTPConnectionPool(host='localhost', port=3000): Max retries exceeded with url: /api/debug/simulate-attack (Caused by NewConnectionError('<urllib3.connection.HTTPConnection object at 0x00000185DEB5B970>: Failed to establish a new connection: [WinError 10061] No connection could be made because the target machine actively refused it'))
2025-04-13 07:58:12,671 - INFO - Scan complete. Found 0 suspicious files out of 7 total files
2025-04-13 07:58:13,912 - ERROR - Error sending alert: HTTPConnectionPool(host='localhost', port=3000): Max retries exceeded with url: /api/debug/simulate-attack (Caused by NewConnectionError('<urllib3.connection.HTTPConnection object at 0x000002E65937A970>: Failed to establish a new connection: [WinError 10061] No connection could be made because the target machine actively refused it'))
2025-04-13 07:58:13,912 - INFO - Scan complete. Found 0 suspicious files out of 7 total files
2025-04-13 07:59:35,285 - INFO - New USB drive detected: D:
2025-04-13 07:59:35,325 - INFO - Drive info: {'drive_letter': 'D:', 'volume_name': 'Unnamed Drive', 'size_gb': 0.0061054229736328125, 'filesystem': 'FAT', 'serial_number': 'DEB00001'}
2025-04-13 07:59:35,325 - INFO - Sending alert to http://localhost:3000/api/debug/simulate-attack
2025-04-13 07:59:38,072 - INFO - Alert sent successfully: 200
2025-04-13 07:59:38,073 - INFO - Scanning drive D:...
2025-04-13 07:59:38,076 - INFO - Sending alert to http://localhost:3000/api/debug/simulate-attack
2025-04-13 07:59:40,163 - INFO - Alert sent successfully: 200
2025-04-13 07:59:40,164 - INFO - Scan complete. Found 0 suspicious files out of 7 total files
2025-04-13 09:57:54,373 - INFO - USB Monitor initialized
2025-04-13 09:57:54,373 - INFO - Known drives: 
2025-04-13 09:57:54,373 - INFO - Simulating insertion of USB drive F:
2025-04-13 09:57:54,373 - INFO - Sending alert to http://localhost:5000/api/debug/simulate-attack
2025-04-13 09:57:54,541 - WARNING - Failed to send alert. Status code: 500
2025-04-13 09:57:56,547 - INFO - Scanning drive F:...
2025-04-13 09:57:56,548 - INFO - Test mode enabled: Adding simulated suspicious files
2025-04-13 09:57:56,549 - INFO - Sending alert to http://localhost:5000/api/debug/simulate-attack
2025-04-13 09:57:56,688 - WARNING - Failed to send alert. Status code: 500
2025-04-13 09:57:56,688 - INFO - Scan complete. Found 3 suspicious files out of 0 total files
2025-04-13 09:57:56,689 - INFO - Starting USB monitor...
2025-04-13 09:57:56,689 - INFO - Monitoring for new USB drives (checking every 2 seconds)
2025-04-13 10:09:08,059 - INFO - USB Monitor initialized
2025-04-13 10:09:08,059 - INFO - Known drives: 
2025-04-13 10:09:08,059 - INFO - Simulating insertion of USB drive F:
2025-04-13 10:09:08,059 - INFO - Sending alert to http://localhost:5000/api/debug/simulate-attack
2025-04-13 10:09:08,147 - WARNING - Failed to send alert. Status code: 500
2025-04-13 10:09:10,159 - INFO - Scanning drive F:...
2025-04-13 10:09:10,159 - INFO - Test mode enabled: Adding simulated suspicious files
2025-04-13 10:09:10,159 - INFO - Sending alert to http://localhost:5000/api/debug/simulate-attack
2025-04-13 10:09:10,232 - WARNING - Failed to send alert. Status code: 500
2025-04-13 10:09:10,232 - INFO - Scan complete. Found 3 suspicious files out of 0 total files
2025-04-13 10:09:10,233 - INFO - Starting USB monitor...
2025-04-13 10:09:10,233 - INFO - Monitoring for new USB drives (checking every 2 seconds)
2025-04-13 10:14:03,874 - INFO - USB Monitor initialized
2025-04-13 10:14:03,875 - INFO - Known drives: 
2025-04-13 10:14:03,875 - INFO - Simulating insertion of USB drive F:
2025-04-13 10:14:03,875 - INFO - Sending alert to http://localhost:5000/api/debug/simulate-attack
2025-04-13 10:14:03,959 - WARNING - Failed to send alert. Status code: 500
2025-04-13 10:14:05,965 - INFO - Scanning drive F:...
2025-04-13 10:14:05,965 - INFO - Test mode enabled: Adding simulated suspicious files
2025-04-13 10:14:05,966 - INFO - Sending alert to http://localhost:5000/api/debug/simulate-attack
2025-04-13 10:14:06,049 - WARNING - Failed to send alert. Status code: 500
2025-04-13 10:14:06,050 - INFO - Scan complete. Found 3 suspicious files out of 0 total files
2025-04-13 10:14:06,050 - INFO - Starting USB monitor...
2025-04-13 10:14:06,050 - INFO - Monitoring for new USB drives (checking every 2 seconds)
2025-04-13 10:17:23,777 - INFO - USB Monitor initialized
2025-04-13 10:17:23,777 - INFO - Known drives: 
2025-04-13 10:17:23,777 - INFO - Simulating insertion of USB drive F:
2025-04-13 10:17:23,777 - INFO - Sending alert to http://localhost:5000/api/debug/simulate-attack
2025-04-13 10:17:23,865 - WARNING - Failed to send alert. Status code: 500
2025-04-13 10:17:25,875 - INFO - Scanning drive F:...
2025-04-13 10:17:25,875 - INFO - Test mode enabled: Adding simulated suspicious files
2025-04-13 10:17:25,875 - INFO - Sending alert to http://localhost:5000/api/debug/simulate-attack
2025-04-13 10:17:25,969 - WARNING - Failed to send alert. Status code: 500
2025-04-13 10:17:25,971 - INFO - Scan complete. Found 3 suspicious files out of 0 total files
2025-04-13 10:17:25,971 - INFO - Starting USB monitor...
2025-04-13 10:17:25,972 - INFO - Monitoring for new USB drives (checking every 2 seconds)
2025-04-13 11:58:23,900 - INFO - USB Monitor initialized
2025-04-13 11:58:23,901 - INFO - Known drives: 
2025-04-13 11:58:23,902 - INFO - Simulating insertion of USB drive F:
2025-04-13 11:58:23,902 - INFO - Sending alert to http://localhost:5000/api/debug/simulate-attack
2025-04-13 11:58:24,013 - WARNING - Failed to send alert. Status code: 500
2025-04-13 11:58:26,027 - INFO - Scanning drive F:...
2025-04-13 11:58:26,029 - INFO - Test mode enabled: Adding simulated suspicious files
2025-04-13 11:58:26,030 - INFO - Sending alert to http://localhost:5000/api/debug/simulate-attack
2025-04-13 11:58:26,142 - WARNING - Failed to send alert. Status code: 500
2025-04-13 11:58:26,144 - INFO - Scan complete. Found 3 suspicious files out of 0 total files
2025-04-13 11:58:26,145 - INFO - Starting USB monitor...
2025-04-13 11:58:26,145 - INFO - Monitoring for new USB drives (checking every 2 seconds)
2025-04-13 12:13:37,837 - INFO - USB Monitor initialized
2025-04-13 12:13:37,838 - INFO - Known drives: 
2025-04-13 12:13:37,838 - INFO - Simulating insertion of USB drive F:
2025-04-13 12:13:37,838 - INFO - Sending alert to http://localhost:5000/api/debug/simulate-attack
2025-04-13 12:13:37,950 - WARNING - Failed to send alert. Status code: 500
2025-04-13 12:13:39,950 - INFO - Scanning drive F:...
2025-04-13 12:13:39,950 - INFO - Test mode enabled: Adding simulated suspicious files
2025-04-13 12:13:39,950 - INFO - Sending alert to http://localhost:5000/api/debug/simulate-attack
2025-04-13 12:13:40,051 - WARNING - Failed to send alert. Status code: 500
2025-04-13 12:13:40,051 - INFO - Scan complete. Found 3 suspicious files out of 0 total files
2025-04-13 12:13:40,051 - INFO - Starting USB monitor...
2025-04-13 12:13:40,052 - INFO - Monitoring for new USB drives (checking every 2 seconds)
2025-04-13 12:21:51,982 - INFO - USB Monitor initialized
2025-04-13 12:21:51,983 - INFO - Known drives: 
2025-04-13 12:21:51,983 - INFO - Simulating insertion of USB drive F:
2025-04-13 12:21:51,983 - INFO - Sending alert to http://localhost:5000/api/debug/simulate-attack
2025-04-13 12:21:52,240 - WARNING - Failed to send alert. Status code: 500
2025-04-13 12:22:28,899 - INFO - USB Monitor initialized
2025-04-13 12:22:28,900 - INFO - Known drives: 
2025-04-13 12:22:28,900 - INFO - Simulating insertion of USB drive F:
2025-04-13 12:22:28,900 - INFO - Sending alert to http://localhost:5000/api/debug/simulate-attack
2025-04-13 12:22:29,001 - WARNING - Failed to send alert. Status code: 500
2025-04-13 12:22:31,003 - INFO - Scanning drive F:...
2025-04-13 12:22:31,003 - INFO - Test mode enabled: Adding simulated suspicious files
2025-04-13 12:22:31,003 - INFO - Sending alert to http://localhost:5000/api/debug/simulate-attack
2025-04-13 12:22:31,087 - WARNING - Failed to send alert. Status code: 500
2025-04-13 12:22:31,088 - INFO - Scan complete. Found 3 suspicious files out of 0 total files
2025-04-13 12:22:31,089 - INFO - Starting USB monitor...
2025-04-13 12:22:31,089 - INFO - Monitoring for new USB drives (checking every 2 seconds)
2025-04-15 21:47:54,018 - INFO - USB Monitor initialized
2025-04-15 21:47:54,019 - INFO - Known drives: 
2025-04-15 21:47:54,019 - INFO - Simulating insertion of USB drive F:
2025-04-15 21:47:54,020 - INFO - Sending alert to http://localhost:5000/api/debug/simulate-attack
2025-04-15 21:47:59,040 - ERROR - Error sending alert: HTTPConnectionPool(host='localhost', port=5000): Read timed out. (read timeout=5)
2025-04-15 21:48:01,054 - INFO - Scanning drive F:...
2025-04-15 21:48:01,054 - INFO - Test mode enabled: Adding simulated suspicious files
2025-04-15 21:48:01,054 - INFO - Sending alert to http://localhost:5000/api/debug/simulate-attack
2025-04-15 21:48:01,214 - INFO - Alert sent successfully: 200
2025-04-15 21:48:01,214 - INFO - Scan complete. Found 3 suspicious files out of 0 total files
2025-04-15 21:48:01,214 - INFO - Starting USB monitor...
2025-04-15 21:48:01,215 - INFO - Monitoring for new USB drives (checking every 2 seconds)
2025-04-15 21:55:06,127 - INFO - USB Monitor initialized
2025-04-15 21:55:06,127 - INFO - Known drives: 
2025-04-15 21:55:06,127 - INFO - Simulating insertion of USB drive F:
2025-04-15 21:55:06,128 - INFO - Sending alert to http://localhost:5000/api/debug/simulate-attack
2025-04-15 21:55:07,063 - INFO - Alert sent successfully: 200
2025-04-15 21:55:09,064 - INFO - Scanning drive F:...
2025-04-15 21:55:09,064 - INFO - Test mode enabled: Adding simulated suspicious files
2025-04-15 21:55:09,064 - INFO - Sending alert to http://localhost:5000/api/debug/simulate-attack
2025-04-15 21:55:09,201 - INFO - Alert sent successfully: 200
2025-04-15 21:55:09,201 - INFO - Scan complete. Found 3 suspicious files out of 0 total files
2025-04-15 21:55:09,202 - INFO - Starting USB monitor...
2025-04-15 21:55:09,202 - INFO - Monitoring for new USB drives (checking every 2 seconds)
2025-04-15 22:05:02,966 - INFO - USB Monitor initialized
2025-04-15 22:05:02,966 - INFO - Known drives: 
2025-04-15 22:05:02,966 - INFO - Simulating insertion of USB drive F:
2025-04-15 22:05:02,966 - INFO - Sending alert to http://localhost:5000/api/debug/simulate-attack
2025-04-15 22:05:03,790 - INFO - Alert sent successfully: 200
2025-04-15 22:05:05,803 - INFO - Scanning drive F:...
2025-04-15 22:05:05,803 - INFO - Test mode enabled: Adding simulated suspicious files
2025-04-15 22:05:05,803 - INFO - Sending alert to http://localhost:5000/api/debug/simulate-attack
2025-04-15 22:05:05,943 - INFO - Alert sent successfully: 200
2025-04-15 22:05:05,944 - INFO - Scan complete. Found 3 suspicious files out of 0 total files
2025-04-15 22:05:05,944 - INFO - Starting USB monitor...
2025-04-15 22:05:05,944 - INFO - Monitoring for new USB drives (checking every 2 seconds)
2025-04-16 05:19:44,927 - INFO - USB Monitor initialized
2025-04-16 05:19:44,929 - INFO - Known drives: 
2025-04-16 05:19:44,929 - INFO - Simulating insertion of USB drive F:
2025-04-16 05:19:44,930 - INFO - Sending alert to http://localhost:5000/api/debug/simulate-attack
2025-04-16 05:19:49,966 - ERROR - Error sending alert: HTTPConnectionPool(host='localhost', port=5000): Read timed out. (read timeout=5)
2025-04-16 05:19:51,981 - INFO - Scanning drive F:...
2025-04-16 05:19:51,984 - INFO - Test mode enabled: Adding simulated suspicious files
2025-04-16 05:19:51,986 - INFO - Sending alert to http://localhost:5000/api/debug/simulate-attack
2025-04-16 05:19:57,015 - ERROR - Error sending alert: HTTPConnectionPool(host='localhost', port=5000): Read timed out. (read timeout=5)
2025-04-16 05:19:57,018 - INFO - Scan complete. Found 3 suspicious files out of 0 total files
2025-04-16 05:19:57,021 - INFO - Starting USB monitor...
2025-04-16 05:19:57,021 - INFO - Monitoring for new USB drives (checking every 2 seconds)
2025-04-16 05:24:41,054 - INFO - USB Monitor initialized
2025-04-16 05:24:41,055 - INFO - Known drives: 
2025-04-16 05:24:41,056 - INFO - Simulating insertion of USB drive F:
2025-04-16 05:24:41,057 - INFO - Sending alert to http://localhost:5000/api/debug/simulate-attack
2025-04-16 05:24:46,112 - ERROR - Error sending alert: HTTPConnectionPool(host='localhost', port=5000): Read timed out. (read timeout=5)
2025-04-16 05:24:48,119 - INFO - Scanning drive F:...
2025-04-16 05:24:48,123 - INFO - Test mode enabled: Adding simulated suspicious files
2025-04-16 05:24:48,129 - INFO - Sending alert to http://localhost:5000/api/debug/simulate-attack
2025-04-16 05:24:53,155 - ERROR - Error sending alert: HTTPConnectionPool(host='localhost', port=5000): Read timed out. (read timeout=5)
2025-04-16 05:24:53,157 - INFO - Scan complete. Found 3 suspicious files out of 0 total files
2025-04-16 05:24:53,159 - INFO - Starting USB monitor...
2025-04-16 05:24:53,160 - INFO - Monitoring for new USB drives (checking every 2 seconds)
2025-04-16 05:35:46,816 - INFO - USB Monitor initialized
2025-04-16 05:35:46,817 - INFO - Known drives: 
2025-04-16 05:35:46,818 - INFO - Simulating insertion of USB drive F:
2025-04-16 05:35:46,818 - INFO - Sending alert to http://localhost:5000/api/debug/simulate-attack
2025-04-16 05:35:51,851 - ERROR - Error sending alert: HTTPConnectionPool(host='localhost', port=5000): Read timed out. (read timeout=5)
2025-04-16 05:35:53,861 - INFO - Scanning drive F:...
2025-04-16 05:35:53,862 - INFO - Test mode enabled: Adding simulated suspicious files
2025-04-16 05:35:53,863 - INFO - Sending alert to http://localhost:5000/api/debug/simulate-attack
2025-04-16 05:35:57,502 - INFO - Alert sent successfully: 200
2025-04-16 05:35:57,508 - INFO - Scan complete. Found 3 suspicious files out of 0 total files
2025-04-16 05:35:57,513 - INFO - Starting USB monitor...
2025-04-16 05:35:57,516 - INFO - Monitoring for new USB drives (checking every 2 seconds)
